<?xml version="1.0" encoding="UTF-8"?>
<!-- Generated by org.testng.reporters.JUnitXMLReporter -->
<testsuite ignored="0" hostname="DESKTOP-8E1JSKF" failures="0" tests="6" name="DashboardPageTest" time="440.088" errors="0" timestamp="2022-06-01T09:12:09 IST">
  <testcase classname="com.Test.DashBoardpageTestCases" name="ValidateFlushOriginalsSection" time="9.65"/>
  <testcase classname="com.Test.DashBoardpageTestCases" name="ValidateLiveCasinoSection" time="9.662"/>
  <testcase classname="com.Test.DashBoardpageTestCases" name="ValidateSlotsSection" time="9.904"/>
  <testcase classname="com.Test.DashBoardpageTestCases" name="ValidateAllGameLinks" time="40.625"/>
  <testcase classname="com.Test.DashBoardpageTestCases" name="ChatboxIcon" time="1.461"/>
  <testcase classname="com.Test.DashBoardpageTestCases" name="changeLanguage" time="4.182"/>
</testsuite> <!-- DashboardPageTest -->
